<?xml version="1.0" encoding="UTF-8"?>
<!-- Generated by org.testng.reporters.JUnitXMLReporter -->
<testsuite ignored="0" hostname="LAPTOP-GUCQM6AV" failures="0" tests="9" name="Test" time="71.248" errors="0" timestamp="2022-09-21T21:43:18 IST">
  <testcase classname="TestCase.TVS_Login_Page_TestCase" name="Sign_In_Valid_Data" time="2.585"/>
  <testcase classname="TestCase.TVS_Login_Page_TestCase" name="Sign_In_InValid_Data" time="1.962"/>
  <testcase classname="TestCase.TVS_Login_Page_TestCase" name="Sign_In_Blank_Data" time="1.814"/>
  <testcase classname="TestCase.TVS_Login_Page_TestCase" name="Sign_In_ValidEmail_InvalidPassword" time="1.777"/>
  <testcase classname="TestCase.TVS_Login_Page_TestCase" name="Sign_In_ValidEmail_BlankPassword" time="1.78"/>
  <testcase classname="TestCase.TVS_Login_Page_TestCase" name="Sign_In_InValidEmail_ValidPassword" time="1.834"/>
  <testcase classname="TestCase.TVS_Login_Page_TestCase" name="Sign_In_InValidEmail_BlankPassword" time="1.901"/>
  <testcase classname="TestCase.TVS_Login_Page_TestCase" name="Sign_In_BlankEmail_ValidPassword" time="1.849"/>
  <testcase classname="TestCase.TVS_Login_Page_TestCase" name="Sign_In_BlankEmail_InValidPassword" time="1.891"/>
</testsuite> <!-- Test -->
