<?xml version="1.0" encoding="UTF-8"?>
<!-- Generated by org.testng.reporters.JUnitXMLReporter -->
<testsuite ignored="0" hostname="LAPTOP-GUCQM6AV" failures="0" tests="9" name="TVS_Login_Page_TestCase" time="43.905" errors="0" timestamp="2022-09-17T09:36:00 IST">
  <testcase classname="TestCase.TVS_Login_Page_TestCase" name="Sign_In_Valid_Data" time="3.542"/>
  <testcase classname="TestCase.TVS_Login_Page_TestCase" name="Sign_In_InValid_Data" time="1.949"/>
  <testcase classname="TestCase.TVS_Login_Page_TestCase" name="Sign_In_Blank_Data" time="1.821"/>
  <testcase classname="TestCase.TVS_Login_Page_TestCase" name="Sign_In_ValidEmail_InvalidPassword" time="1.933"/>
  <testcase classname="TestCase.TVS_Login_Page_TestCase" name="Sign_In_ValidEmail_BlankPassword" time="1.9"/>
  <testcase classname="TestCase.TVS_Login_Page_TestCase" name="Sign_In_InValidEmail_ValidPassword" time="1.977"/>
  <testcase classname="TestCase.TVS_Login_Page_TestCase" name="Sign_In_InValidEmail_BlankPassword" time="1.848"/>
  <testcase classname="TestCase.TVS_Login_Page_TestCase" name="Sign_In_BlankEmail_ValidPassword" time="1.879"/>
  <testcase classname="TestCase.TVS_Login_Page_TestCase" name="Sign_In_BlankEmail_InValidPassword" time="1.934"/>
</testsuite> <!-- TVS_Login_Page_TestCase -->
