<?xml version="1.0" encoding="UTF-8"?>
<!-- Generated by org.testng.reporters.JUnitXMLReporter -->
<testsuite ignored="0" hostname="LAPTOP-GUCQM6AV" failures="0" tests="9" name="TVS_Login_Page_TestCase" time="44.694" errors="0" timestamp="2022-09-21T21:39:25 IST">
  <testcase classname="TestCase.TVS_Login_Page_TestCase" name="Sign_In_Valid_Data" time="2.95"/>
  <testcase classname="TestCase.TVS_Login_Page_TestCase" name="Sign_In_InValid_Data" time="2.028"/>
  <testcase classname="TestCase.TVS_Login_Page_TestCase" name="Sign_In_Blank_Data" time="1.891"/>
  <testcase classname="TestCase.TVS_Login_Page_TestCase" name="Sign_In_ValidEmail_InvalidPassword" time="1.971"/>
  <testcase classname="TestCase.TVS_Login_Page_TestCase" name="Sign_In_ValidEmail_BlankPassword" time="1.978"/>
  <testcase classname="TestCase.TVS_Login_Page_TestCase" name="Sign_In_InValidEmail_ValidPassword" time="1.882"/>
  <testcase classname="TestCase.TVS_Login_Page_TestCase" name="Sign_In_InValidEmail_BlankPassword" time="1.913"/>
  <testcase classname="TestCase.TVS_Login_Page_TestCase" name="Sign_In_BlankEmail_ValidPassword" time="1.836"/>
  <testcase classname="TestCase.TVS_Login_Page_TestCase" name="Sign_In_BlankEmail_InValidPassword" time="1.792"/>
</testsuite> <!-- TVS_Login_Page_TestCase -->
