<?xml version="1.0" encoding="UTF-8"?>
<testng-results ignored="0" total="9" passed="9" failed="0" skipped="0">
  <reporter-output>
  </reporter-output>
  <suite started-at="2022-09-23T20:46:42 IST" name="Suite" finished-at="2022-09-23T20:47:19 IST" duration-ms="37031">
    <groups>
    </groups>
    <test started-at="2022-09-23T20:46:42 IST" name="Test" finished-at="2022-09-23T20:47:19 IST" duration-ms="37031">
      <class name="TestCase.TVS_Login_Page_TestCase">
        <test-method is-config="true" signature="beforeClass()[pri:0, instance:TestCase.TVS_Login_Page_TestCase@1dde4cb2]" started-at="2022-09-23T20:46:42 IST" name="beforeClass" finished-at="2022-09-23T20:46:42 IST" duration-ms="0" status="PASS">
          <reporter-output>
          </reporter-output>
        </test-method> <!-- beforeClass -->
        <test-method is-config="true" signature="setup(java.lang.String,java.lang.String)[pri:0, instance:TestCase.TVS_Login_Page_TestCase@1dde4cb2]" started-at="2022-09-23T20:46:42 IST" name="setup" finished-at="2022-09-23T20:46:45 IST" duration-ms="3053" status="PASS">
          <params>
            <param index="0">
              <value>
                <![CDATA[chrome]]>
              </value>
            </param>
            <param index="1">
              <value>
                <![CDATA[http://products.pisystindia.com/Showroom/admin/login]]>
              </value>
            </param>
          </params>
          <reporter-output>
          </reporter-output>
        </test-method> <!-- setup -->
        <test-method signature="Sign_In_Valid_Data()[pri:1, instance:TestCase.TVS_Login_Page_TestCase@1dde4cb2]" started-at="2022-09-23T20:46:45 IST" name="Sign_In_Valid_Data" finished-at="2022-09-23T20:46:48 IST" duration-ms="2393" status="PASS">
          <reporter-output>
          </reporter-output>
        </test-method> <!-- Sign_In_Valid_Data -->
        <test-method is-config="true" signature="Tear_Down()[pri:0, instance:TestCase.TVS_Login_Page_TestCase@1dde4cb2]" started-at="2022-09-23T20:46:48 IST" name="Tear_Down" finished-at="2022-09-23T20:46:48 IST" duration-ms="107" status="PASS">
          <reporter-output>
          </reporter-output>
        </test-method> <!-- Tear_Down -->
        <test-method is-config="true" signature="setup(java.lang.String,java.lang.String)[pri:0, instance:TestCase.TVS_Login_Page_TestCase@1dde4cb2]" started-at="2022-09-23T20:46:48 IST" name="setup" finished-at="2022-09-23T20:46:50 IST" duration-ms="1990" status="PASS">
          <params>
            <param index="0">
              <value>
                <![CDATA[chrome]]>
              </value>
            </param>
            <param index="1">
              <value>
                <![CDATA[http://products.pisystindia.com/Showroom/admin/login]]>
              </value>
            </param>
          </params>
          <reporter-output>
          </reporter-output>
        </test-method> <!-- setup -->
        <test-method signature="Sign_In_InValid_Data()[pri:2, instance:TestCase.TVS_Login_Page_TestCase@1dde4cb2]" started-at="2022-09-23T20:46:50 IST" name="Sign_In_InValid_Data" finished-at="2022-09-23T20:46:52 IST" duration-ms="1747" status="PASS">
          <reporter-output>
          </reporter-output>
        </test-method> <!-- Sign_In_InValid_Data -->
        <test-method is-config="true" signature="Tear_Down()[pri:0, instance:TestCase.TVS_Login_Page_TestCase@1dde4cb2]" started-at="2022-09-23T20:46:52 IST" name="Tear_Down" finished-at="2022-09-23T20:46:52 IST" duration-ms="139" status="PASS">
          <reporter-output>
          </reporter-output>
        </test-method> <!-- Tear_Down -->
        <test-method is-config="true" signature="setup(java.lang.String,java.lang.String)[pri:0, instance:TestCase.TVS_Login_Page_TestCase@1dde4cb2]" started-at="2022-09-23T20:46:52 IST" name="setup" finished-at="2022-09-23T20:46:54 IST" duration-ms="2048" status="PASS">
          <params>
            <param index="0">
              <value>
                <![CDATA[chrome]]>
              </value>
            </param>
            <param index="1">
              <value>
                <![CDATA[http://products.pisystindia.com/Showroom/admin/login]]>
              </value>
            </param>
          </params>
          <reporter-output>
          </reporter-output>
        </test-method> <!-- setup -->
        <test-method signature="Sign_In_Blank_Data()[pri:3, instance:TestCase.TVS_Login_Page_TestCase@1dde4cb2]" started-at="2022-09-23T20:46:54 IST" name="Sign_In_Blank_Data" finished-at="2022-09-23T20:46:55 IST" duration-ms="1719" status="PASS">
          <reporter-output>
          </reporter-output>
        </test-method> <!-- Sign_In_Blank_Data -->
        <test-method is-config="true" signature="Tear_Down()[pri:0, instance:TestCase.TVS_Login_Page_TestCase@1dde4cb2]" started-at="2022-09-23T20:46:55 IST" name="Tear_Down" finished-at="2022-09-23T20:46:56 IST" duration-ms="113" status="PASS">
          <reporter-output>
          </reporter-output>
        </test-method> <!-- Tear_Down -->
        <test-method is-config="true" signature="setup(java.lang.String,java.lang.String)[pri:0, instance:TestCase.TVS_Login_Page_TestCase@1dde4cb2]" started-at="2022-09-23T20:46:56 IST" name="setup" finished-at="2022-09-23T20:46:58 IST" duration-ms="1973" status="PASS">
          <params>
            <param index="0">
              <value>
                <![CDATA[chrome]]>
              </value>
            </param>
            <param index="1">
              <value>
                <![CDATA[http://products.pisystindia.com/Showroom/admin/login]]>
              </value>
            </param>
          </params>
          <reporter-output>
          </reporter-output>
        </test-method> <!-- setup -->
        <test-method signature="Sign_In_ValidEmail_InvalidPassword()[pri:4, instance:TestCase.TVS_Login_Page_TestCase@1dde4cb2]" started-at="2022-09-23T20:46:58 IST" name="Sign_In_ValidEmail_InvalidPassword" finished-at="2022-09-23T20:46:59 IST" duration-ms="1727" status="PASS">
          <reporter-output>
          </reporter-output>
        </test-method> <!-- Sign_In_ValidEmail_InvalidPassword -->
        <test-method is-config="true" signature="Tear_Down()[pri:0, instance:TestCase.TVS_Login_Page_TestCase@1dde4cb2]" started-at="2022-09-23T20:46:59 IST" name="Tear_Down" finished-at="2022-09-23T20:46:59 IST" duration-ms="137" status="PASS">
          <reporter-output>
          </reporter-output>
        </test-method> <!-- Tear_Down -->
        <test-method is-config="true" signature="setup(java.lang.String,java.lang.String)[pri:0, instance:TestCase.TVS_Login_Page_TestCase@1dde4cb2]" started-at="2022-09-23T20:46:59 IST" name="setup" finished-at="2022-09-23T20:47:01 IST" duration-ms="2066" status="PASS">
          <params>
            <param index="0">
              <value>
                <![CDATA[chrome]]>
              </value>
            </param>
            <param index="1">
              <value>
                <![CDATA[http://products.pisystindia.com/Showroom/admin/login]]>
              </value>
            </param>
          </params>
          <reporter-output>
          </reporter-output>
        </test-method> <!-- setup -->
        <test-method signature="Sign_In_ValidEmail_BlankPassword()[pri:5, instance:TestCase.TVS_Login_Page_TestCase@1dde4cb2]" started-at="2022-09-23T20:47:01 IST" name="Sign_In_ValidEmail_BlankPassword" finished-at="2022-09-23T20:47:03 IST" duration-ms="1733" status="PASS">
          <reporter-output>
          </reporter-output>
        </test-method> <!-- Sign_In_ValidEmail_BlankPassword -->
        <test-method is-config="true" signature="Tear_Down()[pri:0, instance:TestCase.TVS_Login_Page_TestCase@1dde4cb2]" started-at="2022-09-23T20:47:03 IST" name="Tear_Down" finished-at="2022-09-23T20:47:03 IST" duration-ms="153" status="PASS">
          <reporter-output>
          </reporter-output>
        </test-method> <!-- Tear_Down -->
        <test-method is-config="true" signature="setup(java.lang.String,java.lang.String)[pri:0, instance:TestCase.TVS_Login_Page_TestCase@1dde4cb2]" started-at="2022-09-23T20:47:03 IST" name="setup" finished-at="2022-09-23T20:47:05 IST" duration-ms="2021" status="PASS">
          <params>
            <param index="0">
              <value>
                <![CDATA[chrome]]>
              </value>
            </param>
            <param index="1">
              <value>
                <![CDATA[http://products.pisystindia.com/Showroom/admin/login]]>
              </value>
            </param>
          </params>
          <reporter-output>
          </reporter-output>
        </test-method> <!-- setup -->
        <test-method signature="Sign_In_InValidEmail_ValidPassword()[pri:6, instance:TestCase.TVS_Login_Page_TestCase@1dde4cb2]" started-at="2022-09-23T20:47:05 IST" name="Sign_In_InValidEmail_ValidPassword" finished-at="2022-09-23T20:47:07 IST" duration-ms="1765" status="PASS">
          <reporter-output>
          </reporter-output>
        </test-method> <!-- Sign_In_InValidEmail_ValidPassword -->
        <test-method is-config="true" signature="Tear_Down()[pri:0, instance:TestCase.TVS_Login_Page_TestCase@1dde4cb2]" started-at="2022-09-23T20:47:07 IST" name="Tear_Down" finished-at="2022-09-23T20:47:07 IST" duration-ms="108" status="PASS">
          <reporter-output>
          </reporter-output>
        </test-method> <!-- Tear_Down -->
        <test-method is-config="true" signature="setup(java.lang.String,java.lang.String)[pri:0, instance:TestCase.TVS_Login_Page_TestCase@1dde4cb2]" started-at="2022-09-23T20:47:07 IST" name="setup" finished-at="2022-09-23T20:47:10 IST" duration-ms="2336" status="PASS">
          <params>
            <param index="0">
              <value>
                <![CDATA[chrome]]>
              </value>
            </param>
            <param index="1">
              <value>
                <![CDATA[http://products.pisystindia.com/Showroom/admin/login]]>
              </value>
            </param>
          </params>
          <reporter-output>
          </reporter-output>
        </test-method> <!-- setup -->
        <test-method signature="Sign_In_InValidEmail_BlankPassword()[pri:7, instance:TestCase.TVS_Login_Page_TestCase@1dde4cb2]" started-at="2022-09-23T20:47:10 IST" name="Sign_In_InValidEmail_BlankPassword" finished-at="2022-09-23T20:47:11 IST" duration-ms="1784" status="PASS">
          <reporter-output>
          </reporter-output>
        </test-method> <!-- Sign_In_InValidEmail_BlankPassword -->
        <test-method is-config="true" signature="Tear_Down()[pri:0, instance:TestCase.TVS_Login_Page_TestCase@1dde4cb2]" started-at="2022-09-23T20:47:11 IST" name="Tear_Down" finished-at="2022-09-23T20:47:12 IST" duration-ms="136" status="PASS">
          <reporter-output>
          </reporter-output>
        </test-method> <!-- Tear_Down -->
        <test-method is-config="true" signature="setup(java.lang.String,java.lang.String)[pri:0, instance:TestCase.TVS_Login_Page_TestCase@1dde4cb2]" started-at="2022-09-23T20:47:12 IST" name="setup" finished-at="2022-09-23T20:47:14 IST" duration-ms="2094" status="PASS">
          <params>
            <param index="0">
              <value>
                <![CDATA[chrome]]>
              </value>
            </param>
            <param index="1">
              <value>
                <![CDATA[http://products.pisystindia.com/Showroom/admin/login]]>
              </value>
            </param>
          </params>
          <reporter-output>
          </reporter-output>
        </test-method> <!-- setup -->
        <test-method signature="Sign_In_BlankEmail_ValidPassword()[pri:8, instance:TestCase.TVS_Login_Page_TestCase@1dde4cb2]" started-at="2022-09-23T20:47:14 IST" name="Sign_In_BlankEmail_ValidPassword" finished-at="2022-09-23T20:47:15 IST" duration-ms="1681" status="PASS">
          <reporter-output>
          </reporter-output>
        </test-method> <!-- Sign_In_BlankEmail_ValidPassword -->
        <test-method is-config="true" signature="Tear_Down()[pri:0, instance:TestCase.TVS_Login_Page_TestCase@1dde4cb2]" started-at="2022-09-23T20:47:15 IST" name="Tear_Down" finished-at="2022-09-23T20:47:15 IST" duration-ms="152" status="PASS">
          <reporter-output>
          </reporter-output>
        </test-method> <!-- Tear_Down -->
        <test-method is-config="true" signature="setup(java.lang.String,java.lang.String)[pri:0, instance:TestCase.TVS_Login_Page_TestCase@1dde4cb2]" started-at="2022-09-23T20:47:15 IST" name="setup" finished-at="2022-09-23T20:47:17 IST" duration-ms="1976" status="PASS">
          <params>
            <param index="0">
              <value>
                <![CDATA[chrome]]>
              </value>
            </param>
            <param index="1">
              <value>
                <![CDATA[http://products.pisystindia.com/Showroom/admin/login]]>
              </value>
            </param>
          </params>
          <reporter-output>
          </reporter-output>
        </test-method> <!-- setup -->
        <test-method signature="Sign_In_BlankEmail_InValidPassword()[pri:9, instance:TestCase.TVS_Login_Page_TestCase@1dde4cb2]" started-at="2022-09-23T20:47:17 IST" name="Sign_In_BlankEmail_InValidPassword" finished-at="2022-09-23T20:47:19 IST" duration-ms="1717" status="PASS">
          <reporter-output>
          </reporter-output>
        </test-method> <!-- Sign_In_BlankEmail_InValidPassword -->
        <test-method is-config="true" signature="Tear_Down()[pri:0, instance:TestCase.TVS_Login_Page_TestCase@1dde4cb2]" started-at="2022-09-23T20:47:19 IST" name="Tear_Down" finished-at="2022-09-23T20:47:19 IST" duration-ms="130" status="PASS">
          <reporter-output>
          </reporter-output>
        </test-method> <!-- Tear_Down -->
      </class> <!-- TestCase.TVS_Login_Page_TestCase -->
    </test> <!-- Test -->
  </suite> <!-- Suite -->
</testng-results>
