<?xml version="1.0" encoding="UTF-8"?>
<!-- Generated by org.testng.reporters.JUnitXMLReporter -->
<testsuite ignored="1" hostname="LAPTOP-GUCQM6AV" failures="0" tests="1" name="TVS_Admin_Add_Admin_TestCase" time="10.818" errors="0" timestamp="2022-10-06T17:37:01 IST">
  <testcase classname="TestCase.TVS_Admin_Add_Admin_TestCase" name="Add_InValid_Data" time="5.521"/>
  <testcase classname="TestCase.TVS_Admin_Add_Admin_TestCase" name="Add_Valid_Data" time="0.0">
    <ignored/>
  </testcase> <!-- Add_Valid_Data -->
</testsuite> <!-- TVS_Admin_Add_Admin_TestCase -->
