<?xml version="1.0" encoding="UTF-8"?>
<!-- Generated by org.testng.reporters.JUnitXMLReporter -->
<testsuite ignored="0" hostname="LAPTOP-GUCQM6AV" failures="0" tests="6" name="TVS_Admin_Add_SubAdmin_TestCase" time="113.367" errors="0" timestamp="2022-10-08T11:51:42 IST">
  <testcase classname="TestCase.TVS_Admin_Add_SubAdmin_TestCase" name="Add_Valid_Data" time="15.981"/>
  <testcase classname="TestCase.TVS_Admin_Add_SubAdmin_TestCase" name="Add_InValid_Data" time="16.792"/>
  <testcase classname="TestCase.TVS_Admin_Add_SubAdmin_TestCase" name="Add_blank_Data" time="15.633"/>
  <testcase classname="TestCase.TVS_Admin_Add_SubAdmin_TestCase" name="Add_Double_Space_Data" time="15.661"/>
  <testcase classname="TestCase.TVS_Admin_Add_SubAdmin_TestCase" name="Add_Address_With_More_Than_255_Character_Data" time="17.304"/>
  <testcase classname="TestCase.TVS_Admin_Add_SubAdmin_TestCase" name="Add_Address_With_Less_Than_3_Character_Data" time="15.728"/>
</testsuite> <!-- TVS_Admin_Add_SubAdmin_TestCase -->
