<?xml version="1.0" encoding="UTF-8"?>
<!-- Generated by org.testng.reporters.JUnitXMLReporter -->
<testsuite ignored="0" hostname="LAPTOP-GUCQM6AV" failures="0" tests="2" name="TVS_Admin_Add_Admin_TestCase" time="39.201" errors="0" timestamp="2022-10-07T11:45:55 IST">
  <testcase classname="TestCase.TVS_Admin_Add_Admin_TestCase" name="Add_Address_With_More_Than_255_Character_Data" time="17.34"/>
  <testcase classname="TestCase.TVS_Admin_Add_Admin_TestCase" name="Add_Address_With_Less_Than_3_Character_Data" time="16.234"/>
</testsuite> <!-- TVS_Admin_Add_Admin_TestCase -->
