<?xml version="1.0" encoding="UTF-8"?>
<!-- Generated by org.testng.reporters.JUnitXMLReporter -->
<testsuite ignored="1" hostname="LAPTOP-GUCQM6AV" failures="0" tests="1" name="TVS_Admin_Add_Customer_TestCase" time="23.246" errors="0" timestamp="2022-10-10T10:40:25 IST">
  <testcase classname="TestCase.TVS_Admin_Add_Customer_TestCase" name="Add_InValid_Data" time="19.503"/>
  <testcase classname="TestCase.TVS_Admin_Add_Customer_TestCase" name="Add_Valid_Data" time="0.0">
    <ignored/>
  </testcase> <!-- Add_Valid_Data -->
</testsuite> <!-- TVS_Admin_Add_Customer_TestCase -->
