<?xml version="1.0" encoding="UTF-8"?>
<testng-results ignored="0" total="9" passed="9" failed="0" skipped="0">
  <reporter-output>
  </reporter-output>
  <suite started-at="2022-09-21T21:42:07 IST" name="Suite" finished-at="2022-09-21T21:43:18 IST" duration-ms="71248">
    <groups>
    </groups>
    <test started-at="2022-09-21T21:42:07 IST" name="Test" finished-at="2022-09-21T21:43:18 IST" duration-ms="71248">
      <class name="TestCase.TVS_Login_Page_TestCase">
        <test-method is-config="true" signature="beforeClass()[pri:0, instance:TestCase.TVS_Login_Page_TestCase@10e31a9a]" started-at="2022-09-21T21:42:07 IST" name="beforeClass" finished-at="2022-09-21T21:42:07 IST" duration-ms="11" status="PASS">
          <reporter-output>
          </reporter-output>
        </test-method> <!-- beforeClass -->
        <test-method is-config="true" signature="setup(java.lang.String,java.lang.String)[pri:0, instance:TestCase.TVS_Login_Page_TestCase@10e31a9a]" started-at="2022-09-21T21:42:07 IST" name="setup" finished-at="2022-09-21T21:42:11 IST" duration-ms="3859" status="PASS">
          <params>
            <param index="0">
              <value>
                <![CDATA[chrome]]>
              </value>
            </param>
            <param index="1">
              <value>
                <![CDATA[http://products.pisystindia.com/Showroom/admin/login]]>
              </value>
            </param>
          </params>
          <reporter-output>
          </reporter-output>
        </test-method> <!-- setup -->
        <test-method signature="Sign_In_Valid_Data()[pri:1, instance:TestCase.TVS_Login_Page_TestCase@10e31a9a]" started-at="2022-09-21T21:42:11 IST" name="Sign_In_Valid_Data" finished-at="2022-09-21T21:42:14 IST" duration-ms="2585" status="PASS">
          <reporter-output>
          </reporter-output>
        </test-method> <!-- Sign_In_Valid_Data -->
        <test-method is-config="true" signature="Tear_Down()[pri:0, instance:TestCase.TVS_Login_Page_TestCase@10e31a9a]" started-at="2022-09-21T21:42:14 IST" name="Tear_Down" finished-at="2022-09-21T21:42:14 IST" duration-ms="183" status="PASS">
          <reporter-output>
          </reporter-output>
        </test-method> <!-- Tear_Down -->
        <test-method is-config="true" signature="setup(java.lang.String,java.lang.String)[pri:0, instance:TestCase.TVS_Login_Page_TestCase@10e31a9a]" started-at="2022-09-21T21:42:14 IST" name="setup" finished-at="2022-09-21T21:42:16 IST" duration-ms="2247" status="PASS">
          <params>
            <param index="0">
              <value>
                <![CDATA[chrome]]>
              </value>
            </param>
            <param index="1">
              <value>
                <![CDATA[http://products.pisystindia.com/Showroom/admin/login]]>
              </value>
            </param>
          </params>
          <reporter-output>
          </reporter-output>
        </test-method> <!-- setup -->
        <test-method signature="Sign_In_InValid_Data()[pri:2, instance:TestCase.TVS_Login_Page_TestCase@10e31a9a]" started-at="2022-09-21T21:42:16 IST" name="Sign_In_InValid_Data" finished-at="2022-09-21T21:42:18 IST" duration-ms="1962" status="PASS">
          <reporter-output>
          </reporter-output>
        </test-method> <!-- Sign_In_InValid_Data -->
        <test-method is-config="true" signature="Tear_Down()[pri:0, instance:TestCase.TVS_Login_Page_TestCase@10e31a9a]" started-at="2022-09-21T21:42:18 IST" name="Tear_Down" finished-at="2022-09-21T21:42:18 IST" duration-ms="181" status="PASS">
          <reporter-output>
          </reporter-output>
        </test-method> <!-- Tear_Down -->
        <test-method is-config="true" signature="setup(java.lang.String,java.lang.String)[pri:0, instance:TestCase.TVS_Login_Page_TestCase@10e31a9a]" started-at="2022-09-21T21:42:18 IST" name="setup" finished-at="2022-09-21T21:42:20 IST" duration-ms="2078" status="PASS">
          <params>
            <param index="0">
              <value>
                <![CDATA[chrome]]>
              </value>
            </param>
            <param index="1">
              <value>
                <![CDATA[http://products.pisystindia.com/Showroom/admin/login]]>
              </value>
            </param>
          </params>
          <reporter-output>
          </reporter-output>
        </test-method> <!-- setup -->
        <test-method signature="Sign_In_Blank_Data()[pri:3, instance:TestCase.TVS_Login_Page_TestCase@10e31a9a]" started-at="2022-09-21T21:42:20 IST" name="Sign_In_Blank_Data" finished-at="2022-09-21T21:42:22 IST" duration-ms="1814" status="PASS">
          <reporter-output>
          </reporter-output>
        </test-method> <!-- Sign_In_Blank_Data -->
        <test-method is-config="true" signature="Tear_Down()[pri:0, instance:TestCase.TVS_Login_Page_TestCase@10e31a9a]" started-at="2022-09-21T21:42:22 IST" name="Tear_Down" finished-at="2022-09-21T21:42:22 IST" duration-ms="193" status="PASS">
          <reporter-output>
          </reporter-output>
        </test-method> <!-- Tear_Down -->
        <test-method is-config="true" signature="setup(java.lang.String,java.lang.String)[pri:0, instance:TestCase.TVS_Login_Page_TestCase@10e31a9a]" started-at="2022-09-21T21:42:22 IST" name="setup" finished-at="2022-09-21T21:42:54 IST" duration-ms="32195" status="PASS">
          <params>
            <param index="0">
              <value>
                <![CDATA[chrome]]>
              </value>
            </param>
            <param index="1">
              <value>
                <![CDATA[http://products.pisystindia.com/Showroom/admin/login]]>
              </value>
            </param>
          </params>
          <reporter-output>
          </reporter-output>
        </test-method> <!-- setup -->
        <test-method signature="Sign_In_ValidEmail_InvalidPassword()[pri:4, instance:TestCase.TVS_Login_Page_TestCase@10e31a9a]" started-at="2022-09-21T21:42:54 IST" name="Sign_In_ValidEmail_InvalidPassword" finished-at="2022-09-21T21:42:56 IST" duration-ms="1777" status="PASS">
          <reporter-output>
          </reporter-output>
        </test-method> <!-- Sign_In_ValidEmail_InvalidPassword -->
        <test-method is-config="true" signature="Tear_Down()[pri:0, instance:TestCase.TVS_Login_Page_TestCase@10e31a9a]" started-at="2022-09-21T21:42:56 IST" name="Tear_Down" finished-at="2022-09-21T21:42:56 IST" duration-ms="185" status="PASS">
          <reporter-output>
          </reporter-output>
        </test-method> <!-- Tear_Down -->
        <test-method is-config="true" signature="setup(java.lang.String,java.lang.String)[pri:0, instance:TestCase.TVS_Login_Page_TestCase@10e31a9a]" started-at="2022-09-21T21:42:56 IST" name="setup" finished-at="2022-09-21T21:42:59 IST" duration-ms="2380" status="PASS">
          <params>
            <param index="0">
              <value>
                <![CDATA[chrome]]>
              </value>
            </param>
            <param index="1">
              <value>
                <![CDATA[http://products.pisystindia.com/Showroom/admin/login]]>
              </value>
            </param>
          </params>
          <reporter-output>
          </reporter-output>
        </test-method> <!-- setup -->
        <test-method signature="Sign_In_ValidEmail_BlankPassword()[pri:5, instance:TestCase.TVS_Login_Page_TestCase@10e31a9a]" started-at="2022-09-21T21:42:59 IST" name="Sign_In_ValidEmail_BlankPassword" finished-at="2022-09-21T21:43:01 IST" duration-ms="1780" status="PASS">
          <reporter-output>
          </reporter-output>
        </test-method> <!-- Sign_In_ValidEmail_BlankPassword -->
        <test-method is-config="true" signature="Tear_Down()[pri:0, instance:TestCase.TVS_Login_Page_TestCase@10e31a9a]" started-at="2022-09-21T21:43:01 IST" name="Tear_Down" finished-at="2022-09-21T21:43:01 IST" duration-ms="114" status="PASS">
          <reporter-output>
          </reporter-output>
        </test-method> <!-- Tear_Down -->
        <test-method is-config="true" signature="setup(java.lang.String,java.lang.String)[pri:0, instance:TestCase.TVS_Login_Page_TestCase@10e31a9a]" started-at="2022-09-21T21:43:01 IST" name="setup" finished-at="2022-09-21T21:43:03 IST" duration-ms="2633" status="PASS">
          <params>
            <param index="0">
              <value>
                <![CDATA[chrome]]>
              </value>
            </param>
            <param index="1">
              <value>
                <![CDATA[http://products.pisystindia.com/Showroom/admin/login]]>
              </value>
            </param>
          </params>
          <reporter-output>
          </reporter-output>
        </test-method> <!-- setup -->
        <test-method signature="Sign_In_InValidEmail_ValidPassword()[pri:6, instance:TestCase.TVS_Login_Page_TestCase@10e31a9a]" started-at="2022-09-21T21:43:03 IST" name="Sign_In_InValidEmail_ValidPassword" finished-at="2022-09-21T21:43:05 IST" duration-ms="1834" status="PASS">
          <reporter-output>
          </reporter-output>
        </test-method> <!-- Sign_In_InValidEmail_ValidPassword -->
        <test-method is-config="true" signature="Tear_Down()[pri:0, instance:TestCase.TVS_Login_Page_TestCase@10e31a9a]" started-at="2022-09-21T21:43:05 IST" name="Tear_Down" finished-at="2022-09-21T21:43:05 IST" duration-ms="202" status="PASS">
          <reporter-output>
          </reporter-output>
        </test-method> <!-- Tear_Down -->
        <test-method is-config="true" signature="setup(java.lang.String,java.lang.String)[pri:0, instance:TestCase.TVS_Login_Page_TestCase@10e31a9a]" started-at="2022-09-21T21:43:05 IST" name="setup" finished-at="2022-09-21T21:43:07 IST" duration-ms="2105" status="PASS">
          <params>
            <param index="0">
              <value>
                <![CDATA[chrome]]>
              </value>
            </param>
            <param index="1">
              <value>
                <![CDATA[http://products.pisystindia.com/Showroom/admin/login]]>
              </value>
            </param>
          </params>
          <reporter-output>
          </reporter-output>
        </test-method> <!-- setup -->
        <test-method signature="Sign_In_InValidEmail_BlankPassword()[pri:7, instance:TestCase.TVS_Login_Page_TestCase@10e31a9a]" started-at="2022-09-21T21:43:07 IST" name="Sign_In_InValidEmail_BlankPassword" finished-at="2022-09-21T21:43:09 IST" duration-ms="1901" status="PASS">
          <reporter-output>
          </reporter-output>
        </test-method> <!-- Sign_In_InValidEmail_BlankPassword -->
        <test-method is-config="true" signature="Tear_Down()[pri:0, instance:TestCase.TVS_Login_Page_TestCase@10e31a9a]" started-at="2022-09-21T21:43:09 IST" name="Tear_Down" finished-at="2022-09-21T21:43:10 IST" duration-ms="161" status="PASS">
          <reporter-output>
          </reporter-output>
        </test-method> <!-- Tear_Down -->
        <test-method is-config="true" signature="setup(java.lang.String,java.lang.String)[pri:0, instance:TestCase.TVS_Login_Page_TestCase@10e31a9a]" started-at="2022-09-21T21:43:10 IST" name="setup" finished-at="2022-09-21T21:43:12 IST" duration-ms="2140" status="PASS">
          <params>
            <param index="0">
              <value>
                <![CDATA[chrome]]>
              </value>
            </param>
            <param index="1">
              <value>
                <![CDATA[http://products.pisystindia.com/Showroom/admin/login]]>
              </value>
            </param>
          </params>
          <reporter-output>
          </reporter-output>
        </test-method> <!-- setup -->
        <test-method signature="Sign_In_BlankEmail_ValidPassword()[pri:8, instance:TestCase.TVS_Login_Page_TestCase@10e31a9a]" started-at="2022-09-21T21:43:12 IST" name="Sign_In_BlankEmail_ValidPassword" finished-at="2022-09-21T21:43:14 IST" duration-ms="1849" status="PASS">
          <reporter-output>
          </reporter-output>
        </test-method> <!-- Sign_In_BlankEmail_ValidPassword -->
        <test-method is-config="true" signature="Tear_Down()[pri:0, instance:TestCase.TVS_Login_Page_TestCase@10e31a9a]" started-at="2022-09-21T21:43:14 IST" name="Tear_Down" finished-at="2022-09-21T21:43:14 IST" duration-ms="155" status="PASS">
          <reporter-output>
          </reporter-output>
        </test-method> <!-- Tear_Down -->
        <test-method is-config="true" signature="setup(java.lang.String,java.lang.String)[pri:0, instance:TestCase.TVS_Login_Page_TestCase@10e31a9a]" started-at="2022-09-21T21:43:14 IST" name="setup" finished-at="2022-09-21T21:43:16 IST" duration-ms="2618" status="PASS">
          <params>
            <param index="0">
              <value>
                <![CDATA[chrome]]>
              </value>
            </param>
            <param index="1">
              <value>
                <![CDATA[http://products.pisystindia.com/Showroom/admin/login]]>
              </value>
            </param>
          </params>
          <reporter-output>
          </reporter-output>
        </test-method> <!-- setup -->
        <test-method signature="Sign_In_BlankEmail_InValidPassword()[pri:9, instance:TestCase.TVS_Login_Page_TestCase@10e31a9a]" started-at="2022-09-21T21:43:16 IST" name="Sign_In_BlankEmail_InValidPassword" finished-at="2022-09-21T21:43:18 IST" duration-ms="1891" status="PASS">
          <reporter-output>
          </reporter-output>
        </test-method> <!-- Sign_In_BlankEmail_InValidPassword -->
        <test-method is-config="true" signature="Tear_Down()[pri:0, instance:TestCase.TVS_Login_Page_TestCase@10e31a9a]" started-at="2022-09-21T21:43:18 IST" name="Tear_Down" finished-at="2022-09-21T21:43:18 IST" duration-ms="175" status="PASS">
          <reporter-output>
          </reporter-output>
        </test-method> <!-- Tear_Down -->
      </class> <!-- TestCase.TVS_Login_Page_TestCase -->
    </test> <!-- Test -->
  </suite> <!-- Suite -->
</testng-results>
